2023-09-20 11:56:45 - Для корзини Array
(
    [0] => Array
        (
            [cart_id] => 84
            [product_id] => 488
            [sku] => 
            [thumb] => https://osushuvachi.webfun.com.ua/image/cache/catalog/products/cooperhunter-ch-d016wdp7-40ld/cooper_hunter_chd016wdp7_40ld_ventbazar.ua-60x60.jpg
            [name] => Побутовий осушувач Cooper&amp;Hunter CH-D016WDP7-40LD
            [model] => CH-D016WDP7-40LD
            [option] => Array
                (
                )

            [recurring] => 
            [quantity] => 1
            [stock] => 1
            [reward] => 
            [price] => 18 030 ₴
            [total] => 18 030 ₴
            [href] => https://osushuvachi.webfun.com.ua/cooperhunter-ch-d016wdp7-40ld
        )

)

2023-09-20 11:56:48 - Для корзини Array
(
    [0] => Array
        (
            [cart_id] => 84
            [product_id] => 488
            [sku] => 
            [thumb] => https://osushuvachi.webfun.com.ua/image/cache/catalog/products/cooperhunter-ch-d016wdp7-40ld/cooper_hunter_chd016wdp7_40ld_ventbazar.ua-60x60.jpg
            [name] => Побутовий осушувач Cooper&amp;Hunter CH-D016WDP7-40LD
            [model] => CH-D016WDP7-40LD
            [option] => Array
                (
                )

            [recurring] => 
            [quantity] => 2
            [stock] => 1
            [reward] => 
            [price] => 18 030 ₴
            [total] => 36 060 ₴
            [href] => https://osushuvachi.webfun.com.ua/cooperhunter-ch-d016wdp7-40ld
        )

)

2023-09-20 11:56:49 - Для корзини Array
(
    [0] => Array
        (
            [cart_id] => 84
            [product_id] => 488
            [sku] => 
            [thumb] => https://osushuvachi.webfun.com.ua/image/cache/catalog/products/cooperhunter-ch-d016wdp7-40ld/cooper_hunter_chd016wdp7_40ld_ventbazar.ua-60x60.jpg
            [name] => Побутовий осушувач Cooper&amp;Hunter CH-D016WDP7-40LD
            [model] => CH-D016WDP7-40LD
            [option] => Array
                (
                )

            [recurring] => 
            [quantity] => 1
            [stock] => 1
            [reward] => 
            [price] => 18 030 ₴
            [total] => 18 030 ₴
            [href] => https://osushuvachi.webfun.com.ua/cooperhunter-ch-d016wdp7-40ld
        )

)

2023-09-20 11:56:49 - Для корзини Array
(
    [0] => Array
        (
            [cart_id] => 84
            [product_id] => 488
            [sku] => 
            [thumb] => https://osushuvachi.webfun.com.ua/image/cache/catalog/products/cooperhunter-ch-d016wdp7-40ld/cooper_hunter_chd016wdp7_40ld_ventbazar.ua-60x60.jpg
            [name] => Побутовий осушувач Cooper&amp;Hunter CH-D016WDP7-40LD
            [model] => CH-D016WDP7-40LD
            [option] => Array
                (
                )

            [recurring] => 
            [quantity] => 1
            [stock] => 1
            [reward] => 
            [price] => 18 030 ₴
            [total] => 18 030 ₴
            [href] => https://osushuvachi.webfun.com.ua/cooperhunter-ch-d016wdp7-40ld
        )

)

2023-09-20 11:56:50 - Для корзини Array
(
    [0] => Array
        (
            [cart_id] => 84
            [product_id] => 488
            [sku] => 
            [thumb] => https://osushuvachi.webfun.com.ua/image/cache/catalog/products/cooperhunter-ch-d016wdp7-40ld/cooper_hunter_chd016wdp7_40ld_ventbazar.ua-60x60.jpg
            [name] => Побутовий осушувач Cooper&amp;Hunter CH-D016WDP7-40LD
            [model] => CH-D016WDP7-40LD
            [option] => Array
                (
                )

            [recurring] => 
            [quantity] => 2
            [stock] => 1
            [reward] => 
            [price] => 18 030 ₴
            [total] => 36 060 ₴
            [href] => https://osushuvachi.webfun.com.ua/cooperhunter-ch-d016wdp7-40ld
        )

)

2023-09-20 11:56:51 - Для корзини Array
(
    [0] => Array
        (
            [cart_id] => 84
            [product_id] => 488
            [sku] => 
            [thumb] => https://osushuvachi.webfun.com.ua/image/cache/catalog/products/cooperhunter-ch-d016wdp7-40ld/cooper_hunter_chd016wdp7_40ld_ventbazar.ua-60x60.jpg
            [name] => Побутовий осушувач Cooper&amp;Hunter CH-D016WDP7-40LD
            [model] => CH-D016WDP7-40LD
            [option] => Array
                (
                )

            [recurring] => 
            [quantity] => 3
            [stock] => 1
            [reward] => 
            [price] => 18 030 ₴
            [total] => 54 090 ₴
            [href] => https://osushuvachi.webfun.com.ua/cooperhunter-ch-d016wdp7-40ld
        )

)

2023-09-20 12:07:07 - Для корзини Array
(
    [0] => Array
        (
            [cart_id] => 84
            [product_id] => 488
            [sku] => 
            [thumb] => https://osushuvachi.webfun.com.ua/image/cache/catalog/products/cooperhunter-ch-d016wdp7-40ld/cooper_hunter_chd016wdp7_40ld_ventbazar.ua-60x60.jpg
            [name] => Побутовий осушувач Cooper&amp;Hunter CH-D016WDP7-40LD
            [model] => CH-D016WDP7-40LD
            [option] => Array
                (
                )

            [recurring] => 
            [quantity] => 3
            [stock] => 1
            [reward] => 
            [price] => 18 030 ₴
            [total] => 54 090 ₴
            [href] => https://osushuvachi.webfun.com.ua/cooperhunter-ch-d016wdp7-40ld
        )

)

2023-09-20 12:09:19 - Для корзини Array
(
    [0] => Array
        (
            [cart_id] => 84
            [product_id] => 488
            [sku] => 
            [thumb] => https://osushuvachi.webfun.com.ua/image/cache/catalog/products/cooperhunter-ch-d016wdp7-40ld/cooper_hunter_chd016wdp7_40ld_ventbazar.ua-60x60.jpg
            [name] => Побутовий осушувач Cooper&amp;Hunter CH-D016WDP7-40LD
            [model] => CH-D016WDP7-40LD
            [option] => Array
                (
                )

            [recurring] => 
            [quantity] => 3
            [stock] => 1
            [reward] => 
            [price] => 18 030 ₴
            [total] => 54 090 ₴
            [href] => https://osushuvachi.webfun.com.ua/cooperhunter-ch-d016wdp7-40ld
        )

)

2023-09-20 12:09:37 - Для корзини Array
(
    [0] => Array
        (
            [cart_id] => 84
            [product_id] => 488
            [sku] => 
            [thumb] => https://osushuvachi.webfun.com.ua/image/cache/catalog/products/cooperhunter-ch-d016wdp7-40ld/cooper_hunter_chd016wdp7_40ld_ventbazar.ua-60x60.jpg
            [name] => Побутовий осушувач Cooper&amp;Hunter CH-D016WDP7-40LD
            [model] => CH-D016WDP7-40LD
            [option] => Array
                (
                )

            [recurring] => 
            [quantity] => 3
            [stock] => 1
            [reward] => 
            [price] => 18 030 ₴
            [total] => 54 090 ₴
            [href] => https://osushuvachi.webfun.com.ua/cooperhunter-ch-d016wdp7-40ld
        )

)

2023-09-20 12:09:41 - Для корзини Array
(
    [0] => Array
        (
            [cart_id] => 84
            [product_id] => 488
            [sku] => 
            [thumb] => https://osushuvachi.webfun.com.ua/image/cache/catalog/products/cooperhunter-ch-d016wdp7-40ld/cooper_hunter_chd016wdp7_40ld_ventbazar.ua-60x60.jpg
            [name] => Побутовий осушувач Cooper&amp;Hunter CH-D016WDP7-40LD
            [model] => CH-D016WDP7-40LD
            [option] => Array
                (
                )

            [recurring] => 
            [quantity] => 3
            [stock] => 1
            [reward] => 
            [price] => 18 030 ₴
            [total] => 54 090 ₴
            [href] => https://osushuvachi.webfun.com.ua/cooperhunter-ch-d016wdp7-40ld
        )

)

2023-09-20 12:11:14 - Для корзини Array
(
    [0] => Array
        (
            [cart_id] => 84
            [product_id] => 488
            [sku] => 
            [thumb] => https://osushuvachi.webfun.com.ua/image/cache/catalog/products/cooperhunter-ch-d016wdp7-40ld/cooper_hunter_chd016wdp7_40ld_ventbazar.ua-60x60.jpg
            [name] => Побутовий осушувач Cooper&amp;Hunter CH-D016WDP7-40LD
            [model] => CH-D016WDP7-40LD
            [option] => Array
                (
                )

            [recurring] => 
            [quantity] => 3
            [stock] => 1
            [reward] => 
            [price] => 18 030 ₴
            [total] => 54 090 ₴
            [href] => https://osushuvachi.webfun.com.ua/cooperhunter-ch-d016wdp7-40ld
        )

)

2023-09-20 12:11:41 - Для корзини Array
(
    [0] => Array
        (
            [cart_id] => 84
            [product_id] => 488
            [sku] => 
            [thumb] => https://osushuvachi.webfun.com.ua/image/cache/catalog/products/cooperhunter-ch-d016wdp7-40ld/cooper_hunter_chd016wdp7_40ld_ventbazar.ua-60x60.jpg
            [name] => Побутовий осушувач Cooper&amp;Hunter CH-D016WDP7-40LD
            [model] => CH-D016WDP7-40LD
            [option] => Array
                (
                )

            [recurring] => 
            [quantity] => 3
            [stock] => 1
            [reward] => 
            [price] => 18 030 ₴
            [total] => 54 090 ₴
            [href] => https://osushuvachi.webfun.com.ua/cooperhunter-ch-d016wdp7-40ld
        )

)

2023-09-20 12:12:04 - Для корзини Array
(
    [0] => Array
        (
            [cart_id] => 84
            [product_id] => 488
            [sku] => 
            [thumb] => https://osushuvachi.webfun.com.ua/image/cache/catalog/products/cooperhunter-ch-d016wdp7-40ld/cooper_hunter_chd016wdp7_40ld_ventbazar.ua-60x60.jpg
            [name] => Побутовий осушувач Cooper&amp;Hunter CH-D016WDP7-40LD
            [model] => CH-D016WDP7-40LD
            [option] => Array
                (
                )

            [recurring] => 
            [quantity] => 3
            [stock] => 1
            [reward] => 
            [price] => 18 030 ₴
            [total] => 54 090 ₴
            [href] => https://osushuvachi.webfun.com.ua/cooperhunter-ch-d016wdp7-40ld
        )

)

2023-09-20 12:12:37 - Для корзини Array
(
    [0] => Array
        (
            [cart_id] => 84
            [product_id] => 488
            [sku] => 
            [thumb] => https://osushuvachi.webfun.com.ua/image/cache/catalog/products/cooperhunter-ch-d016wdp7-40ld/cooper_hunter_chd016wdp7_40ld_ventbazar.ua-60x60.jpg
            [name] => Побутовий осушувач Cooper&amp;Hunter CH-D016WDP7-40LD
            [model] => CH-D016WDP7-40LD
            [option] => Array
                (
                )

            [recurring] => 
            [quantity] => 3
            [stock] => 1
            [reward] => 
            [price] => 18 030 ₴
            [total] => 54 090 ₴
            [href] => https://osushuvachi.webfun.com.ua/cooperhunter-ch-d016wdp7-40ld
        )

)

2023-09-20 12:12:53 - Для корзини Array
(
    [0] => Array
        (
            [cart_id] => 84
            [product_id] => 488
            [sku] => 
            [thumb] => https://osushuvachi.webfun.com.ua/image/cache/catalog/products/cooperhunter-ch-d016wdp7-40ld/cooper_hunter_chd016wdp7_40ld_ventbazar.ua-60x60.jpg
            [name] => Побутовий осушувач Cooper&amp;Hunter CH-D016WDP7-40LD
            [model] => CH-D016WDP7-40LD
            [option] => Array
                (
                )

            [recurring] => 
            [quantity] => 3
            [stock] => 1
            [reward] => 
            [price] => 18 030 ₴
            [total] => 54 090 ₴
            [href] => https://osushuvachi.webfun.com.ua/cooperhunter-ch-d016wdp7-40ld
        )

)

2023-09-20 12:14:09 - Для корзини Array
(
    [0] => Array
        (
            [cart_id] => 84
            [product_id] => 488
            [sku] => 
            [thumb] => https://osushuvachi.webfun.com.ua/image/cache/catalog/products/cooperhunter-ch-d016wdp7-40ld/cooper_hunter_chd016wdp7_40ld_ventbazar.ua-60x60.jpg
            [name] => Побутовий осушувач Cooper&amp;Hunter CH-D016WDP7-40LD
            [model] => CH-D016WDP7-40LD
            [option] => Array
                (
                )

            [recurring] => 
            [quantity] => 3
            [stock] => 1
            [reward] => 
            [price] => 18 030 ₴
            [total] => 54 090 ₴
            [href] => https://osushuvachi.webfun.com.ua/cooperhunter-ch-d016wdp7-40ld
        )

)

2023-09-20 12:14:31 - Для корзини Array
(
    [0] => Array
        (
            [cart_id] => 84
            [product_id] => 488
            [sku] => 
            [thumb] => https://osushuvachi.webfun.com.ua/image/cache/catalog/products/cooperhunter-ch-d016wdp7-40ld/cooper_hunter_chd016wdp7_40ld_ventbazar.ua-60x60.jpg
            [name] => Побутовий осушувач Cooper&amp;Hunter CH-D016WDP7-40LD
            [model] => CH-D016WDP7-40LD
            [option] => Array
                (
                )

            [recurring] => 
            [quantity] => 3
            [stock] => 1
            [reward] => 
            [price] => 18 030 ₴
            [total] => 54 090 ₴
            [href] => https://osushuvachi.webfun.com.ua/cooperhunter-ch-d016wdp7-40ld
        )

)

2023-09-20 12:15:26 - Для корзини Array
(
    [0] => Array
        (
            [cart_id] => 84
            [product_id] => 488
            [sku] => 
            [thumb] => https://osushuvachi.webfun.com.ua/image/cache/catalog/products/cooperhunter-ch-d016wdp7-40ld/cooper_hunter_chd016wdp7_40ld_ventbazar.ua-60x60.jpg
            [name] => Побутовий осушувач Cooper&amp;Hunter CH-D016WDP7-40LD
            [model] => CH-D016WDP7-40LD
            [option] => Array
                (
                )

            [recurring] => 
            [quantity] => 3
            [stock] => 1
            [reward] => 
            [price] => 18 030 ₴
            [total] => 54 090 ₴
            [href] => https://osushuvachi.webfun.com.ua/cooperhunter-ch-d016wdp7-40ld
        )

)

2023-09-20 12:15:35 - Для корзини Array
(
    [0] => Array
        (
            [cart_id] => 84
            [product_id] => 488
            [sku] => 
            [thumb] => https://osushuvachi.webfun.com.ua/image/cache/catalog/products/cooperhunter-ch-d016wdp7-40ld/cooper_hunter_chd016wdp7_40ld_ventbazar.ua-60x60.jpg
            [name] => Побутовий осушувач Cooper&amp;Hunter CH-D016WDP7-40LD
            [model] => CH-D016WDP7-40LD
            [option] => Array
                (
                )

            [recurring] => 
            [quantity] => 3
            [stock] => 1
            [reward] => 
            [price] => 18 030 ₴
            [total] => 54 090 ₴
            [href] => https://osushuvachi.webfun.com.ua/cooperhunter-ch-d016wdp7-40ld
        )

)

2023-09-20 12:16:17 - Для корзини Array
(
    [0] => Array
        (
            [cart_id] => 84
            [product_id] => 488
            [sku] => 
            [thumb] => https://osushuvachi.webfun.com.ua/image/cache/catalog/products/cooperhunter-ch-d016wdp7-40ld/cooper_hunter_chd016wdp7_40ld_ventbazar.ua-60x60.jpg
            [name] => Побутовий осушувач Cooper&amp;Hunter CH-D016WDP7-40LD
            [model] => CH-D016WDP7-40LD
            [option] => Array
                (
                )

            [recurring] => 
            [quantity] => 3
            [stock] => 1
            [reward] => 
            [price] => 18 030 ₴
            [total] => 54 090 ₴
            [href] => https://osushuvachi.webfun.com.ua/cooperhunter-ch-d016wdp7-40ld
        )

)

2023-09-20 12:16:30 - Для корзини Array
(
    [0] => Array
        (
            [cart_id] => 84
            [product_id] => 488
            [sku] => 
            [thumb] => https://osushuvachi.webfun.com.ua/image/cache/catalog/products/cooperhunter-ch-d016wdp7-40ld/cooper_hunter_chd016wdp7_40ld_ventbazar.ua-60x60.jpg
            [name] => Побутовий осушувач Cooper&amp;Hunter CH-D016WDP7-40LD
            [model] => CH-D016WDP7-40LD
            [option] => Array
                (
                )

            [recurring] => 
            [quantity] => 3
            [stock] => 1
            [reward] => 
            [price] => 18 030 ₴
            [total] => 54 090 ₴
            [href] => https://osushuvachi.webfun.com.ua/cooperhunter-ch-d016wdp7-40ld
        )

)

2023-09-20 12:19:02 - Для корзини Array
(
    [0] => Array
        (
            [cart_id] => 84
            [product_id] => 488
            [sku] => 
            [thumb] => https://osushuvachi.webfun.com.ua/image/cache/catalog/products/cooperhunter-ch-d016wdp7-40ld/cooper_hunter_chd016wdp7_40ld_ventbazar.ua-60x60.jpg
            [name] => Побутовий осушувач Cooper&amp;Hunter CH-D016WDP7-40LD
            [model] => CH-D016WDP7-40LD
            [option] => Array
                (
                )

            [recurring] => 
            [quantity] => 3
            [stock] => 1
            [reward] => 
            [price] => 18 030 ₴
            [total] => 54 090 ₴
            [href] => https://osushuvachi.webfun.com.ua/cooperhunter-ch-d016wdp7-40ld
        )

)

2023-09-20 12:20:00 - Для корзини Array
(
    [0] => Array
        (
            [cart_id] => 84
            [product_id] => 488
            [sku] => 
            [thumb] => https://osushuvachi.webfun.com.ua/image/cache/catalog/products/cooperhunter-ch-d016wdp7-40ld/cooper_hunter_chd016wdp7_40ld_ventbazar.ua-60x60.jpg
            [name] => Побутовий осушувач Cooper&amp;Hunter CH-D016WDP7-40LD
            [model] => CH-D016WDP7-40LD
            [option] => Array
                (
                )

            [recurring] => 
            [quantity] => 3
            [stock] => 1
            [reward] => 
            [price] => 18 030 ₴
            [total] => 54 090 ₴
            [href] => https://osushuvachi.webfun.com.ua/cooperhunter-ch-d016wdp7-40ld
        )

)

2023-09-20 12:20:38 - Для корзини Array
(
    [0] => Array
        (
            [cart_id] => 84
            [product_id] => 488
            [sku] => 
            [thumb] => https://osushuvachi.webfun.com.ua/image/cache/catalog/products/cooperhunter-ch-d016wdp7-40ld/cooper_hunter_chd016wdp7_40ld_ventbazar.ua-60x60.jpg
            [name] => Побутовий осушувач Cooper&amp;Hunter CH-D016WDP7-40LD
            [model] => CH-D016WDP7-40LD
            [option] => Array
                (
                )

            [recurring] => 
            [quantity] => 3
            [stock] => 1
            [reward] => 
            [price] => 18 030 ₴
            [total] => 54 090 ₴
            [href] => https://osushuvachi.webfun.com.ua/cooperhunter-ch-d016wdp7-40ld
        )

)

2023-09-20 12:20:46 - Для корзини Array
(
    [0] => Array
        (
            [cart_id] => 84
            [product_id] => 488
            [sku] => 
            [thumb] => https://osushuvachi.webfun.com.ua/image/cache/catalog/products/cooperhunter-ch-d016wdp7-40ld/cooper_hunter_chd016wdp7_40ld_ventbazar.ua-60x60.jpg
            [name] => Побутовий осушувач Cooper&amp;Hunter CH-D016WDP7-40LD
            [model] => CH-D016WDP7-40LD
            [option] => Array
                (
                )

            [recurring] => 
            [quantity] => 3
            [stock] => 1
            [reward] => 
            [price] => 18 030 ₴
            [total] => 54 090 ₴
            [href] => https://osushuvachi.webfun.com.ua/cooperhunter-ch-d016wdp7-40ld
        )

)

2023-09-20 12:21:25 - Для корзини Array
(
    [0] => Array
        (
            [cart_id] => 84
            [product_id] => 488
            [sku] => 
            [thumb] => https://osushuvachi.webfun.com.ua/image/cache/catalog/products/cooperhunter-ch-d016wdp7-40ld/cooper_hunter_chd016wdp7_40ld_ventbazar.ua-60x60.jpg
            [name] => Побутовий осушувач Cooper&amp;Hunter CH-D016WDP7-40LD
            [model] => CH-D016WDP7-40LD
            [option] => Array
                (
                )

            [recurring] => 
            [quantity] => 3
            [stock] => 1
            [reward] => 
            [price] => 18 030 ₴
            [total] => 54 090 ₴
            [href] => https://osushuvachi.webfun.com.ua/cooperhunter-ch-d016wdp7-40ld
        )

)

2023-09-20 12:22:32 - Для корзини Array
(
    [0] => Array
        (
            [cart_id] => 84
            [product_id] => 488
            [sku] => 
            [thumb] => https://osushuvachi.webfun.com.ua/image/cache/catalog/products/cooperhunter-ch-d016wdp7-40ld/cooper_hunter_chd016wdp7_40ld_ventbazar.ua-60x60.jpg
            [name] => Побутовий осушувач Cooper&amp;Hunter CH-D016WDP7-40LD
            [model] => CH-D016WDP7-40LD
            [option] => Array
                (
                )

            [recurring] => 
            [quantity] => 3
            [stock] => 1
            [reward] => 
            [price] => 18 030 ₴
            [total] => 54 090 ₴
            [href] => https://osushuvachi.webfun.com.ua/cooperhunter-ch-d016wdp7-40ld
        )

)

2023-09-20 12:23:31 - Для корзини Array
(
    [0] => Array
        (
            [cart_id] => 84
            [product_id] => 488
            [sku] => 
            [thumb] => https://osushuvachi.webfun.com.ua/image/cache/catalog/products/cooperhunter-ch-d016wdp7-40ld/cooper_hunter_chd016wdp7_40ld_ventbazar.ua-60x60.jpg
            [name] => Побутовий осушувач Cooper&amp;Hunter CH-D016WDP7-40LD
            [model] => CH-D016WDP7-40LD
            [option] => Array
                (
                )

            [recurring] => 
            [quantity] => 3
            [stock] => 1
            [reward] => 
            [price] => 18 030 ₴
            [total] => 54 090 ₴
            [href] => https://osushuvachi.webfun.com.ua/cooperhunter-ch-d016wdp7-40ld
        )

)

2023-09-20 13:16:34 - Для корзини Array
(
    [0] => Array
        (
            [cart_id] => 85
            [product_id] => 481
            [sku] => 
            [thumb] => https://osushuvachi.webfun.com.ua/image/cache/catalog/products/cooper-hunter-ch-d010wd2-24ld-new/CH-D010WD2-24LD-60x60.jpg
            [name] => Побутовий осушувач Cooper&amp;Hunter CH-D010WD2-24LD NEW
            [model] => CH-D010WD2-24LD NEW
            [option] => Array
                (
                )

            [recurring] => 
            [quantity] => 1
            [stock] => 1
            [reward] => 
            [price] => 12 620 ₴
            [total] => 12 620 ₴
            [href] => https://osushuvachi.webfun.com.ua/cooper-hunter-ch-d010wd2-24ld-new
        )

)

2023-09-20 13:17:07 - Для корзини Array
(
    [0] => Array
        (
            [cart_id] => 85
            [product_id] => 481
            [sku] => 
            [thumb] => https://osushuvachi.webfun.com.ua/image/cache/catalog/products/cooper-hunter-ch-d010wd2-24ld-new/CH-D010WD2-24LD-60x60.jpg
            [name] => Побутовий осушувач Cooper&amp;Hunter CH-D010WD2-24LD NEW
            [model] => CH-D010WD2-24LD NEW
            [option] => Array
                (
                )

            [recurring] => 
            [quantity] => 1
            [stock] => 1
            [reward] => 
            [price] => 12 620 ₴
            [total] => 12 620 ₴
            [href] => https://osushuvachi.webfun.com.ua/cooper-hunter-ch-d010wd2-24ld-new
        )

)

2023-09-20 13:17:33 - Для корзини Array
(
    [0] => Array
        (
            [cart_id] => 85
            [product_id] => 481
            [sku] => 
            [thumb] => https://osushuvachi.webfun.com.ua/image/cache/catalog/products/cooper-hunter-ch-d010wd2-24ld-new/CH-D010WD2-24LD-60x60.jpg
            [name] => Побутовий осушувач Cooper&amp;Hunter CH-D010WD2-24LD NEW
            [model] => CH-D010WD2-24LD NEW
            [option] => Array
                (
                )

            [recurring] => 
            [quantity] => 1
            [stock] => 1
            [reward] => 
            [price] => 12 620 ₴
            [total] => 12 620 ₴
            [href] => https://osushuvachi.webfun.com.ua/cooper-hunter-ch-d010wd2-24ld-new
        )

)

2023-09-20 13:18:12 - Для корзини Array
(
    [0] => Array
        (
            [cart_id] => 85
            [product_id] => 481
            [sku] => 
            [thumb] => https://osushuvachi.webfun.com.ua/image/cache/catalog/products/cooper-hunter-ch-d010wd2-24ld-new/CH-D010WD2-24LD-60x60.jpg
            [name] => Побутовий осушувач Cooper&amp;Hunter CH-D010WD2-24LD NEW
            [model] => CH-D010WD2-24LD NEW
            [option] => Array
                (
                )

            [recurring] => 
            [quantity] => 1
            [stock] => 1
            [reward] => 
            [price] => 12 620 ₴
            [total] => 12 620 ₴
            [href] => https://osushuvachi.webfun.com.ua/cooper-hunter-ch-d010wd2-24ld-new
        )

)

2023-09-20 13:18:38 - Для корзини Array
(
    [0] => Array
        (
            [cart_id] => 85
            [product_id] => 481
            [sku] => 
            [thumb] => https://osushuvachi.webfun.com.ua/image/cache/catalog/products/cooper-hunter-ch-d010wd2-24ld-new/CH-D010WD2-24LD-60x60.jpg
            [name] => Побутовий осушувач Cooper&amp;Hunter CH-D010WD2-24LD NEW
            [model] => CH-D010WD2-24LD NEW
            [option] => Array
                (
                )

            [recurring] => 
            [quantity] => 1
            [stock] => 1
            [reward] => 
            [price] => 12 620 ₴
            [total] => 12 620 ₴
            [href] => https://osushuvachi.webfun.com.ua/cooper-hunter-ch-d010wd2-24ld-new
        )

)

2023-09-20 13:19:34 - Для корзини Array
(
    [0] => Array
        (
            [cart_id] => 85
            [product_id] => 481
            [sku] => 
            [thumb] => https://osushuvachi.webfun.com.ua/image/cache/catalog/products/cooper-hunter-ch-d010wd2-24ld-new/CH-D010WD2-24LD-60x60.jpg
            [name] => Побутовий осушувач Cooper&amp;Hunter CH-D010WD2-24LD NEW
            [model] => CH-D010WD2-24LD NEW
            [option] => Array
                (
                )

            [recurring] => 
            [quantity] => 1
            [stock] => 1
            [reward] => 
            [price] => 12 620 ₴
            [total] => 12 620 ₴
            [href] => https://osushuvachi.webfun.com.ua/cooper-hunter-ch-d010wd2-24ld-new
        )

)

2023-09-20 13:19:44 - Для корзини Array
(
    [0] => Array
        (
            [cart_id] => 85
            [product_id] => 481
            [sku] => 
            [thumb] => https://osushuvachi.webfun.com.ua/image/cache/catalog/products/cooper-hunter-ch-d010wd2-24ld-new/CH-D010WD2-24LD-60x60.jpg
            [name] => Побутовий осушувач Cooper&amp;Hunter CH-D010WD2-24LD NEW
            [model] => CH-D010WD2-24LD NEW
            [option] => Array
                (
                )

            [recurring] => 
            [quantity] => 1
            [stock] => 1
            [reward] => 
            [price] => 12 620 ₴
            [total] => 12 620 ₴
            [href] => https://osushuvachi.webfun.com.ua/cooper-hunter-ch-d010wd2-24ld-new
        )

)

2023-09-20 13:19:49 - Для корзини Array
(
    [0] => Array
        (
            [cart_id] => 85
            [product_id] => 481
            [sku] => 
            [thumb] => https://osushuvachi.webfun.com.ua/image/cache/catalog/products/cooper-hunter-ch-d010wd2-24ld-new/CH-D010WD2-24LD-60x60.jpg
            [name] => Побутовий осушувач Cooper&amp;Hunter CH-D010WD2-24LD NEW
            [model] => CH-D010WD2-24LD NEW
            [option] => Array
                (
                )

            [recurring] => 
            [quantity] => 1
            [stock] => 1
            [reward] => 
            [price] => 12 620 ₴
            [total] => 12 620 ₴
            [href] => https://osushuvachi.webfun.com.ua/cooper-hunter-ch-d010wd2-24ld-new
        )

)

2023-09-20 13:20:24 - Для корзини Array
(
    [0] => Array
        (
            [cart_id] => 85
            [product_id] => 481
            [sku] => 
            [thumb] => https://osushuvachi.webfun.com.ua/image/cache/catalog/products/cooper-hunter-ch-d010wd2-24ld-new/CH-D010WD2-24LD-60x60.jpg
            [name] => Побутовий осушувач Cooper&amp;Hunter CH-D010WD2-24LD NEW
            [model] => CH-D010WD2-24LD NEW
            [option] => Array
                (
                )

            [recurring] => 
            [quantity] => 1
            [stock] => 1
            [reward] => 
            [price] => 12 620 ₴
            [total] => 12 620 ₴
            [href] => https://osushuvachi.webfun.com.ua/cooper-hunter-ch-d010wd2-24ld-new
        )

)

2023-09-20 13:21:45 - Для корзини Array
(
    [0] => Array
        (
            [cart_id] => 85
            [product_id] => 481
            [sku] => 
            [thumb] => https://osushuvachi.webfun.com.ua/image/cache/catalog/products/cooper-hunter-ch-d010wd2-24ld-new/CH-D010WD2-24LD-60x60.jpg
            [name] => Побутовий осушувач Cooper&amp;Hunter CH-D010WD2-24LD NEW
            [model] => CH-D010WD2-24LD NEW
            [option] => Array
                (
                )

            [recurring] => 
            [quantity] => 1
            [stock] => 1
            [reward] => 
            [price] => 12 620 ₴
            [total] => 12 620 ₴
            [href] => https://osushuvachi.webfun.com.ua/cooper-hunter-ch-d010wd2-24ld-new
        )

)

2023-09-20 13:22:19 - Для корзини Array
(
    [0] => Array
        (
            [cart_id] => 85
            [product_id] => 481
            [sku] => 
            [thumb] => https://osushuvachi.webfun.com.ua/image/cache/catalog/products/cooper-hunter-ch-d010wd2-24ld-new/CH-D010WD2-24LD-60x60.jpg
            [name] => Побутовий осушувач Cooper&amp;Hunter CH-D010WD2-24LD NEW
            [model] => CH-D010WD2-24LD NEW
            [option] => Array
                (
                )

            [recurring] => 
            [quantity] => 1
            [stock] => 1
            [reward] => 
            [price] => 12 620 ₴
            [total] => 12 620 ₴
            [href] => https://osushuvachi.webfun.com.ua/cooper-hunter-ch-d010wd2-24ld-new
        )

)

2023-09-20 13:22:59 - Для корзини Array
(
    [0] => Array
        (
            [cart_id] => 85
            [product_id] => 481
            [sku] => 
            [thumb] => https://osushuvachi.webfun.com.ua/image/cache/catalog/products/cooper-hunter-ch-d010wd2-24ld-new/CH-D010WD2-24LD-60x60.jpg
            [name] => Побутовий осушувач Cooper&amp;Hunter CH-D010WD2-24LD NEW
            [model] => CH-D010WD2-24LD NEW
            [option] => Array
                (
                )

            [recurring] => 
            [quantity] => 1
            [stock] => 1
            [reward] => 
            [price] => 12 620 ₴
            [total] => 12 620 ₴
            [href] => https://osushuvachi.webfun.com.ua/cooper-hunter-ch-d010wd2-24ld-new
        )

)

2023-09-20 13:24:15 - Для корзини Array
(
    [0] => Array
        (
            [cart_id] => 85
            [product_id] => 481
            [sku] => 
            [thumb] => https://osushuvachi.webfun.com.ua/image/cache/catalog/products/cooper-hunter-ch-d010wd2-24ld-new/CH-D010WD2-24LD-60x60.jpg
            [name] => Побутовий осушувач Cooper&amp;Hunter CH-D010WD2-24LD NEW
            [model] => CH-D010WD2-24LD NEW
            [option] => Array
                (
                )

            [recurring] => 
            [quantity] => 1
            [stock] => 1
            [reward] => 
            [price] => 12 620 ₴
            [total] => 12 620 ₴
            [href] => https://osushuvachi.webfun.com.ua/cooper-hunter-ch-d010wd2-24ld-new
        )

)

2023-09-20 13:25:01 - Для корзини Array
(
    [0] => Array
        (
            [cart_id] => 85
            [product_id] => 481
            [sku] => 
            [thumb] => https://osushuvachi.webfun.com.ua/image/cache/catalog/products/cooper-hunter-ch-d010wd2-24ld-new/CH-D010WD2-24LD-60x60.jpg
            [name] => Побутовий осушувач Cooper&amp;Hunter CH-D010WD2-24LD NEW
            [model] => CH-D010WD2-24LD NEW
            [option] => Array
                (
                )

            [recurring] => 
            [quantity] => 1
            [stock] => 1
            [reward] => 
            [price] => 12 620 ₴
            [total] => 12 620 ₴
            [href] => https://osushuvachi.webfun.com.ua/cooper-hunter-ch-d010wd2-24ld-new
        )

)

2023-09-20 13:25:22 - Для корзини Array
(
    [0] => Array
        (
            [cart_id] => 85
            [product_id] => 481
            [sku] => 
            [thumb] => https://osushuvachi.webfun.com.ua/image/cache/catalog/products/cooper-hunter-ch-d010wd2-24ld-new/CH-D010WD2-24LD-60x60.jpg
            [name] => Побутовий осушувач Cooper&amp;Hunter CH-D010WD2-24LD NEW
            [model] => CH-D010WD2-24LD NEW
            [option] => Array
                (
                )

            [recurring] => 
            [quantity] => 1
            [stock] => 1
            [reward] => 
            [price] => 12 620 ₴
            [total] => 12 620 ₴
            [href] => https://osushuvachi.webfun.com.ua/cooper-hunter-ch-d010wd2-24ld-new
        )

)

2023-09-20 13:25:44 - Для корзини Array
(
    [0] => Array
        (
            [cart_id] => 85
            [product_id] => 481
            [sku] => 
            [thumb] => https://osushuvachi.webfun.com.ua/image/cache/catalog/products/cooper-hunter-ch-d010wd2-24ld-new/CH-D010WD2-24LD-60x60.jpg
            [name] => Побутовий осушувач Cooper&amp;Hunter CH-D010WD2-24LD NEW
            [model] => CH-D010WD2-24LD NEW
            [option] => Array
                (
                )

            [recurring] => 
            [quantity] => 1
            [stock] => 1
            [reward] => 
            [price] => 12 620 ₴
            [total] => 12 620 ₴
            [href] => https://osushuvachi.webfun.com.ua/cooper-hunter-ch-d010wd2-24ld-new
        )

)

2023-09-20 13:26:15 - Для корзини Array
(
    [0] => Array
        (
            [cart_id] => 85
            [product_id] => 481
            [sku] => 
            [thumb] => https://osushuvachi.webfun.com.ua/image/cache/catalog/products/cooper-hunter-ch-d010wd2-24ld-new/CH-D010WD2-24LD-60x60.jpg
            [name] => Побутовий осушувач Cooper&amp;Hunter CH-D010WD2-24LD NEW
            [model] => CH-D010WD2-24LD NEW
            [option] => Array
                (
                )

            [recurring] => 
            [quantity] => 1
            [stock] => 1
            [reward] => 
            [price] => 12 620 ₴
            [total] => 12 620 ₴
            [href] => https://osushuvachi.webfun.com.ua/cooper-hunter-ch-d010wd2-24ld-new
        )

)

2023-09-20 13:26:46 - Для корзини Array
(
    [0] => Array
        (
            [cart_id] => 85
            [product_id] => 481
            [sku] => 
            [thumb] => https://osushuvachi.webfun.com.ua/image/cache/catalog/products/cooper-hunter-ch-d010wd2-24ld-new/CH-D010WD2-24LD-60x60.jpg
            [name] => Побутовий осушувач Cooper&amp;Hunter CH-D010WD2-24LD NEW
            [model] => CH-D010WD2-24LD NEW
            [option] => Array
                (
                )

            [recurring] => 
            [quantity] => 1
            [stock] => 1
            [reward] => 
            [price] => 12 620 ₴
            [total] => 12 620 ₴
            [href] => https://osushuvachi.webfun.com.ua/cooper-hunter-ch-d010wd2-24ld-new
        )

)

2023-09-20 13:27:09 - Для корзини Array
(
    [0] => Array
        (
            [cart_id] => 85
            [product_id] => 481
            [sku] => 
            [thumb] => https://osushuvachi.webfun.com.ua/image/cache/catalog/products/cooper-hunter-ch-d010wd2-24ld-new/CH-D010WD2-24LD-60x60.jpg
            [name] => Побутовий осушувач Cooper&amp;Hunter CH-D010WD2-24LD NEW
            [model] => CH-D010WD2-24LD NEW
            [option] => Array
                (
                )

            [recurring] => 
            [quantity] => 1
            [stock] => 1
            [reward] => 
            [price] => 12 620 ₴
            [total] => 12 620 ₴
            [href] => https://osushuvachi.webfun.com.ua/cooper-hunter-ch-d010wd2-24ld-new
        )

)

2023-09-20 13:27:21 - Для корзини Array
(
    [0] => Array
        (
            [cart_id] => 85
            [product_id] => 481
            [sku] => 
            [thumb] => https://osushuvachi.webfun.com.ua/image/cache/catalog/products/cooper-hunter-ch-d010wd2-24ld-new/CH-D010WD2-24LD-60x60.jpg
            [name] => Побутовий осушувач Cooper&amp;Hunter CH-D010WD2-24LD NEW
            [model] => CH-D010WD2-24LD NEW
            [option] => Array
                (
                )

            [recurring] => 
            [quantity] => 1
            [stock] => 1
            [reward] => 
            [price] => 12 620 ₴
            [total] => 12 620 ₴
            [href] => https://osushuvachi.webfun.com.ua/cooper-hunter-ch-d010wd2-24ld-new
        )

)

2023-09-20 13:28:01 - Для корзини Array
(
    [0] => Array
        (
            [cart_id] => 85
            [product_id] => 481
            [sku] => 
            [thumb] => https://osushuvachi.webfun.com.ua/image/cache/catalog/products/cooper-hunter-ch-d010wd2-24ld-new/CH-D010WD2-24LD-60x60.jpg
            [name] => Побутовий осушувач Cooper&amp;Hunter CH-D010WD2-24LD NEW
            [model] => CH-D010WD2-24LD NEW
            [option] => Array
                (
                )

            [recurring] => 
            [quantity] => 1
            [stock] => 1
            [reward] => 
            [price] => 12 620 ₴
            [total] => 12 620 ₴
            [href] => https://osushuvachi.webfun.com.ua/cooper-hunter-ch-d010wd2-24ld-new
        )

)

2023-09-20 13:28:22 - Для корзини Array
(
    [0] => Array
        (
            [cart_id] => 85
            [product_id] => 481
            [sku] => 
            [thumb] => https://osushuvachi.webfun.com.ua/image/cache/catalog/products/cooper-hunter-ch-d010wd2-24ld-new/CH-D010WD2-24LD-60x60.jpg
            [name] => Побутовий осушувач Cooper&amp;Hunter CH-D010WD2-24LD NEW
            [model] => CH-D010WD2-24LD NEW
            [option] => Array
                (
                )

            [recurring] => 
            [quantity] => 1
            [stock] => 1
            [reward] => 
            [price] => 12 620 ₴
            [total] => 12 620 ₴
            [href] => https://osushuvachi.webfun.com.ua/cooper-hunter-ch-d010wd2-24ld-new
        )

)

2023-09-20 13:28:37 - Для корзини Array
(
    [0] => Array
        (
            [cart_id] => 85
            [product_id] => 481
            [sku] => 
            [thumb] => https://osushuvachi.webfun.com.ua/image/cache/catalog/products/cooper-hunter-ch-d010wd2-24ld-new/CH-D010WD2-24LD-60x60.jpg
            [name] => Побутовий осушувач Cooper&amp;Hunter CH-D010WD2-24LD NEW
            [model] => CH-D010WD2-24LD NEW
            [option] => Array
                (
                )

            [recurring] => 
            [quantity] => 1
            [stock] => 1
            [reward] => 
            [price] => 12 620 ₴
            [total] => 12 620 ₴
            [href] => https://osushuvachi.webfun.com.ua/cooper-hunter-ch-d010wd2-24ld-new
        )

)

2023-09-20 13:29:14 - Для корзини Array
(
    [0] => Array
        (
            [cart_id] => 85
            [product_id] => 481
            [sku] => 
            [thumb] => https://osushuvachi.webfun.com.ua/image/cache/catalog/products/cooper-hunter-ch-d010wd2-24ld-new/CH-D010WD2-24LD-60x60.jpg
            [name] => Побутовий осушувач Cooper&amp;Hunter CH-D010WD2-24LD NEW
            [model] => CH-D010WD2-24LD NEW
            [option] => Array
                (
                )

            [recurring] => 
            [quantity] => 1
            [stock] => 1
            [reward] => 
            [price] => 12 620 ₴
            [total] => 12 620 ₴
            [href] => https://osushuvachi.webfun.com.ua/cooper-hunter-ch-d010wd2-24ld-new
        )

)

2023-09-20 13:29:47 - Для корзини Array
(
    [0] => Array
        (
            [cart_id] => 85
            [product_id] => 481
            [sku] => 
            [thumb] => https://osushuvachi.webfun.com.ua/image/cache/catalog/products/cooper-hunter-ch-d010wd2-24ld-new/CH-D010WD2-24LD-60x60.jpg
            [name] => Побутовий осушувач Cooper&amp;Hunter CH-D010WD2-24LD NEW
            [model] => CH-D010WD2-24LD NEW
            [option] => Array
                (
                )

            [recurring] => 
            [quantity] => 1
            [stock] => 1
            [reward] => 
            [price] => 12 620 ₴
            [total] => 12 620 ₴
            [href] => https://osushuvachi.webfun.com.ua/cooper-hunter-ch-d010wd2-24ld-new
        )

)

2023-09-20 13:30:07 - Для корзини Array
(
    [0] => Array
        (
            [cart_id] => 85
            [product_id] => 481
            [sku] => 
            [thumb] => https://osushuvachi.webfun.com.ua/image/cache/catalog/products/cooper-hunter-ch-d010wd2-24ld-new/CH-D010WD2-24LD-60x60.jpg
            [name] => Побутовий осушувач Cooper&amp;Hunter CH-D010WD2-24LD NEW
            [model] => CH-D010WD2-24LD NEW
            [option] => Array
                (
                )

            [recurring] => 
            [quantity] => 1
            [stock] => 1
            [reward] => 
            [price] => 12 620 ₴
            [total] => 12 620 ₴
            [href] => https://osushuvachi.webfun.com.ua/cooper-hunter-ch-d010wd2-24ld-new
        )

)

2023-09-20 13:30:45 - Для корзини Array
(
    [0] => Array
        (
            [cart_id] => 85
            [product_id] => 481
            [sku] => 
            [thumb] => https://osushuvachi.webfun.com.ua/image/cache/catalog/products/cooper-hunter-ch-d010wd2-24ld-new/CH-D010WD2-24LD-60x60.jpg
            [name] => Побутовий осушувач Cooper&amp;Hunter CH-D010WD2-24LD NEW
            [model] => CH-D010WD2-24LD NEW
            [option] => Array
                (
                )

            [recurring] => 
            [quantity] => 1
            [stock] => 1
            [reward] => 
            [price] => 12 620 ₴
            [total] => 12 620 ₴
            [href] => https://osushuvachi.webfun.com.ua/cooper-hunter-ch-d010wd2-24ld-new
        )

)

2023-09-20 13:30:59 - Для корзини Array
(
    [0] => Array
        (
            [cart_id] => 85
            [product_id] => 481
            [sku] => 
            [thumb] => https://osushuvachi.webfun.com.ua/image/cache/catalog/products/cooper-hunter-ch-d010wd2-24ld-new/CH-D010WD2-24LD-60x60.jpg
            [name] => Побутовий осушувач Cooper&amp;Hunter CH-D010WD2-24LD NEW
            [model] => CH-D010WD2-24LD NEW
            [option] => Array
                (
                )

            [recurring] => 
            [quantity] => 1
            [stock] => 1
            [reward] => 
            [price] => 12 620 ₴
            [total] => 12 620 ₴
            [href] => https://osushuvachi.webfun.com.ua/cooper-hunter-ch-d010wd2-24ld-new
        )

)

2023-09-20 13:31:03 - Для корзини Array
(
    [0] => Array
        (
            [cart_id] => 85
            [product_id] => 481
            [sku] => 
            [thumb] => https://osushuvachi.webfun.com.ua/image/cache/catalog/products/cooper-hunter-ch-d010wd2-24ld-new/CH-D010WD2-24LD-60x60.jpg
            [name] => Побутовий осушувач Cooper&amp;Hunter CH-D010WD2-24LD NEW
            [model] => CH-D010WD2-24LD NEW
            [option] => Array
                (
                )

            [recurring] => 
            [quantity] => 1
            [stock] => 1
            [reward] => 
            [price] => 12 620 ₴
            [total] => 12 620 ₴
            [href] => https://osushuvachi.webfun.com.ua/cooper-hunter-ch-d010wd2-24ld-new
        )

)

2023-09-20 13:31:18 - Для корзини Array
(
    [0] => Array
        (
            [cart_id] => 85
            [product_id] => 481
            [sku] => 
            [thumb] => https://osushuvachi.webfun.com.ua/image/cache/catalog/products/cooper-hunter-ch-d010wd2-24ld-new/CH-D010WD2-24LD-60x60.jpg
            [name] => Побутовий осушувач Cooper&amp;Hunter CH-D010WD2-24LD NEW
            [model] => CH-D010WD2-24LD NEW
            [option] => Array
                (
                )

            [recurring] => 
            [quantity] => 1
            [stock] => 1
            [reward] => 
            [price] => 12 620 ₴
            [total] => 12 620 ₴
            [href] => https://osushuvachi.webfun.com.ua/cooper-hunter-ch-d010wd2-24ld-new
        )

)

2023-09-20 13:31:37 - Для корзини Array
(
    [0] => Array
        (
            [cart_id] => 85
            [product_id] => 481
            [sku] => 
            [thumb] => https://osushuvachi.webfun.com.ua/image/cache/catalog/products/cooper-hunter-ch-d010wd2-24ld-new/CH-D010WD2-24LD-60x60.jpg
            [name] => Побутовий осушувач Cooper&amp;Hunter CH-D010WD2-24LD NEW
            [model] => CH-D010WD2-24LD NEW
            [option] => Array
                (
                )

            [recurring] => 
            [quantity] => 1
            [stock] => 1
            [reward] => 
            [price] => 12 620 ₴
            [total] => 12 620 ₴
            [href] => https://osushuvachi.webfun.com.ua/cooper-hunter-ch-d010wd2-24ld-new
        )

)

2023-09-20 13:31:41 - Для корзини Array
(
    [0] => Array
        (
            [cart_id] => 85
            [product_id] => 481
            [sku] => 
            [thumb] => https://osushuvachi.webfun.com.ua/image/cache/catalog/products/cooper-hunter-ch-d010wd2-24ld-new/CH-D010WD2-24LD-60x60.jpg
            [name] => Побутовий осушувач Cooper&amp;Hunter CH-D010WD2-24LD NEW
            [model] => CH-D010WD2-24LD NEW
            [option] => Array
                (
                )

            [recurring] => 
            [quantity] => 1
            [stock] => 1
            [reward] => 
            [price] => 12 620 ₴
            [total] => 12 620 ₴
            [href] => https://osushuvachi.webfun.com.ua/cooper-hunter-ch-d010wd2-24ld-new
        )

)

2023-09-20 13:31:42 - Для корзини Array
(
    [0] => Array
        (
            [cart_id] => 85
            [product_id] => 481
            [sku] => 
            [thumb] => https://osushuvachi.webfun.com.ua/image/cache/catalog/products/cooper-hunter-ch-d010wd2-24ld-new/CH-D010WD2-24LD-60x60.jpg
            [name] => Побутовий осушувач Cooper&amp;Hunter CH-D010WD2-24LD NEW
            [model] => CH-D010WD2-24LD NEW
            [option] => Array
                (
                )

            [recurring] => 
            [quantity] => 1
            [stock] => 1
            [reward] => 
            [price] => 12 620 ₴
            [total] => 12 620 ₴
            [href] => https://osushuvachi.webfun.com.ua/cooper-hunter-ch-d010wd2-24ld-new
        )

)

2023-09-20 13:31:43 - Для корзини Array
(
    [0] => Array
        (
            [cart_id] => 85
            [product_id] => 481
            [sku] => 
            [thumb] => https://osushuvachi.webfun.com.ua/image/cache/catalog/products/cooper-hunter-ch-d010wd2-24ld-new/CH-D010WD2-24LD-60x60.jpg
            [name] => Побутовий осушувач Cooper&amp;Hunter CH-D010WD2-24LD NEW
            [model] => CH-D010WD2-24LD NEW
            [option] => Array
                (
                )

            [recurring] => 
            [quantity] => 1
            [stock] => 1
            [reward] => 
            [price] => 12 620 ₴
            [total] => 12 620 ₴
            [href] => https://osushuvachi.webfun.com.ua/cooper-hunter-ch-d010wd2-24ld-new
        )

)

2023-09-20 13:31:45 - Для корзини Array
(
    [0] => Array
        (
            [cart_id] => 85
            [product_id] => 481
            [sku] => 
            [thumb] => https://osushuvachi.webfun.com.ua/image/cache/catalog/products/cooper-hunter-ch-d010wd2-24ld-new/CH-D010WD2-24LD-60x60.jpg
            [name] => Побутовий осушувач Cooper&amp;Hunter CH-D010WD2-24LD NEW
            [model] => CH-D010WD2-24LD NEW
            [option] => Array
                (
                )

            [recurring] => 
            [quantity] => 1
            [stock] => 1
            [reward] => 
            [price] => 12 620 ₴
            [total] => 12 620 ₴
            [href] => https://osushuvachi.webfun.com.ua/cooper-hunter-ch-d010wd2-24ld-new
        )

)

2023-09-20 13:31:46 - Для корзини Array
(
    [0] => Array
        (
            [cart_id] => 85
            [product_id] => 481
            [sku] => 
            [thumb] => https://osushuvachi.webfun.com.ua/image/cache/catalog/products/cooper-hunter-ch-d010wd2-24ld-new/CH-D010WD2-24LD-60x60.jpg
            [name] => Побутовий осушувач Cooper&amp;Hunter CH-D010WD2-24LD NEW
            [model] => CH-D010WD2-24LD NEW
            [option] => Array
                (
                )

            [recurring] => 
            [quantity] => 1
            [stock] => 1
            [reward] => 
            [price] => 12 620 ₴
            [total] => 12 620 ₴
            [href] => https://osushuvachi.webfun.com.ua/cooper-hunter-ch-d010wd2-24ld-new
        )

)

2023-09-20 13:31:47 - Для корзини Array
(
    [0] => Array
        (
            [cart_id] => 85
            [product_id] => 481
            [sku] => 
            [thumb] => https://osushuvachi.webfun.com.ua/image/cache/catalog/products/cooper-hunter-ch-d010wd2-24ld-new/CH-D010WD2-24LD-60x60.jpg
            [name] => Побутовий осушувач Cooper&amp;Hunter CH-D010WD2-24LD NEW
            [model] => CH-D010WD2-24LD NEW
            [option] => Array
                (
                )

            [recurring] => 
            [quantity] => 1
            [stock] => 1
            [reward] => 
            [price] => 12 620 ₴
            [total] => 12 620 ₴
            [href] => https://osushuvachi.webfun.com.ua/cooper-hunter-ch-d010wd2-24ld-new
        )

)

2023-09-20 13:31:48 - Для корзини Array
(
    [0] => Array
        (
            [cart_id] => 85
            [product_id] => 481
            [sku] => 
            [thumb] => https://osushuvachi.webfun.com.ua/image/cache/catalog/products/cooper-hunter-ch-d010wd2-24ld-new/CH-D010WD2-24LD-60x60.jpg
            [name] => Побутовий осушувач Cooper&amp;Hunter CH-D010WD2-24LD NEW
            [model] => CH-D010WD2-24LD NEW
            [option] => Array
                (
                )

            [recurring] => 
            [quantity] => 1
            [stock] => 1
            [reward] => 
            [price] => 12 620 ₴
            [total] => 12 620 ₴
            [href] => https://osushuvachi.webfun.com.ua/cooper-hunter-ch-d010wd2-24ld-new
        )

)

2023-09-20 13:31:49 - Для корзини Array
(
    [0] => Array
        (
            [cart_id] => 85
            [product_id] => 481
            [sku] => 
            [thumb] => https://osushuvachi.webfun.com.ua/image/cache/catalog/products/cooper-hunter-ch-d010wd2-24ld-new/CH-D010WD2-24LD-60x60.jpg
            [name] => Побутовий осушувач Cooper&amp;Hunter CH-D010WD2-24LD NEW
            [model] => CH-D010WD2-24LD NEW
            [option] => Array
                (
                )

            [recurring] => 
            [quantity] => 1
            [stock] => 1
            [reward] => 
            [price] => 12 620 ₴
            [total] => 12 620 ₴
            [href] => https://osushuvachi.webfun.com.ua/cooper-hunter-ch-d010wd2-24ld-new
        )

)

2023-09-20 13:31:52 - Для корзини Array
(
    [0] => Array
        (
            [cart_id] => 85
            [product_id] => 481
            [sku] => 
            [thumb] => https://osushuvachi.webfun.com.ua/image/cache/catalog/products/cooper-hunter-ch-d010wd2-24ld-new/CH-D010WD2-24LD-60x60.jpg
            [name] => Побутовий осушувач Cooper&amp;Hunter CH-D010WD2-24LD NEW
            [model] => CH-D010WD2-24LD NEW
            [option] => Array
                (
                )

            [recurring] => 
            [quantity] => 1
            [stock] => 1
            [reward] => 
            [price] => 12 620 ₴
            [total] => 12 620 ₴
            [href] => https://osushuvachi.webfun.com.ua/cooper-hunter-ch-d010wd2-24ld-new
        )

)

2023-09-20 13:31:53 - Для корзини Array
(
    [0] => Array
        (
            [cart_id] => 85
            [product_id] => 481
            [sku] => 
            [thumb] => https://osushuvachi.webfun.com.ua/image/cache/catalog/products/cooper-hunter-ch-d010wd2-24ld-new/CH-D010WD2-24LD-60x60.jpg
            [name] => Побутовий осушувач Cooper&amp;Hunter CH-D010WD2-24LD NEW
            [model] => CH-D010WD2-24LD NEW
            [option] => Array
                (
                )

            [recurring] => 
            [quantity] => 1
            [stock] => 1
            [reward] => 
            [price] => 12 620 ₴
            [total] => 12 620 ₴
            [href] => https://osushuvachi.webfun.com.ua/cooper-hunter-ch-d010wd2-24ld-new
        )

)

2023-09-20 13:31:54 - Для корзини Array
(
    [0] => Array
        (
            [cart_id] => 85
            [product_id] => 481
            [sku] => 
            [thumb] => https://osushuvachi.webfun.com.ua/image/cache/catalog/products/cooper-hunter-ch-d010wd2-24ld-new/CH-D010WD2-24LD-60x60.jpg
            [name] => Побутовий осушувач Cooper&amp;Hunter CH-D010WD2-24LD NEW
            [model] => CH-D010WD2-24LD NEW
            [option] => Array
                (
                )

            [recurring] => 
            [quantity] => 1
            [stock] => 1
            [reward] => 
            [price] => 12 620 ₴
            [total] => 12 620 ₴
            [href] => https://osushuvachi.webfun.com.ua/cooper-hunter-ch-d010wd2-24ld-new
        )

)

2023-09-20 13:32:13 - Для корзини Array
(
    [0] => Array
        (
            [cart_id] => 85
            [product_id] => 481
            [sku] => 
            [thumb] => https://osushuvachi.webfun.com.ua/image/cache/catalog/products/cooper-hunter-ch-d010wd2-24ld-new/CH-D010WD2-24LD-60x60.jpg
            [name] => Побутовий осушувач Cooper&amp;Hunter CH-D010WD2-24LD NEW
            [model] => CH-D010WD2-24LD NEW
            [option] => Array
                (
                )

            [recurring] => 
            [quantity] => 1
            [stock] => 1
            [reward] => 
            [price] => 12 620 ₴
            [total] => 12 620 ₴
            [href] => https://osushuvachi.webfun.com.ua/cooper-hunter-ch-d010wd2-24ld-new
        )

)

2023-09-20 13:32:25 - Для корзини Array
(
    [0] => Array
        (
            [cart_id] => 85
            [product_id] => 481
            [sku] => 
            [thumb] => https://osushuvachi.webfun.com.ua/image/cache/catalog/products/cooper-hunter-ch-d010wd2-24ld-new/CH-D010WD2-24LD-60x60.jpg
            [name] => Побутовий осушувач Cooper&amp;Hunter CH-D010WD2-24LD NEW
            [model] => CH-D010WD2-24LD NEW
            [option] => Array
                (
                )

            [recurring] => 
            [quantity] => 1
            [stock] => 1
            [reward] => 
            [price] => 12 620 ₴
            [total] => 12 620 ₴
            [href] => https://osushuvachi.webfun.com.ua/cooper-hunter-ch-d010wd2-24ld-new
        )

)

2023-09-20 13:32:44 - Для корзини Array
(
    [0] => Array
        (
            [cart_id] => 85
            [product_id] => 481
            [sku] => 
            [thumb] => https://osushuvachi.webfun.com.ua/image/cache/catalog/products/cooper-hunter-ch-d010wd2-24ld-new/CH-D010WD2-24LD-60x60.jpg
            [name] => Побутовий осушувач Cooper&amp;Hunter CH-D010WD2-24LD NEW
            [model] => CH-D010WD2-24LD NEW
            [option] => Array
                (
                )

            [recurring] => 
            [quantity] => 1
            [stock] => 1
            [reward] => 
            [price] => 12 620 ₴
            [total] => 12 620 ₴
            [href] => https://osushuvachi.webfun.com.ua/cooper-hunter-ch-d010wd2-24ld-new
        )

)

2023-09-20 13:33:25 - Для корзини Array
(
    [0] => Array
        (
            [cart_id] => 85
            [product_id] => 481
            [sku] => 
            [thumb] => https://osushuvachi.webfun.com.ua/image/cache/catalog/products/cooper-hunter-ch-d010wd2-24ld-new/CH-D010WD2-24LD-60x60.jpg
            [name] => Побутовий осушувач Cooper&amp;Hunter CH-D010WD2-24LD NEW
            [model] => CH-D010WD2-24LD NEW
            [option] => Array
                (
                )

            [recurring] => 
            [quantity] => 1
            [stock] => 1
            [reward] => 
            [price] => 12 620 ₴
            [total] => 12 620 ₴
            [href] => https://osushuvachi.webfun.com.ua/cooper-hunter-ch-d010wd2-24ld-new
        )

)

2023-09-20 13:34:28 - Для корзини Array
(
    [0] => Array
        (
            [cart_id] => 85
            [product_id] => 481
            [sku] => 
            [thumb] => https://osushuvachi.webfun.com.ua/image/cache/catalog/products/cooper-hunter-ch-d010wd2-24ld-new/CH-D010WD2-24LD-60x60.jpg
            [name] => Побутовий осушувач Cooper&amp;Hunter CH-D010WD2-24LD NEW
            [model] => CH-D010WD2-24LD NEW
            [option] => Array
                (
                )

            [recurring] => 
            [quantity] => 1
            [stock] => 1
            [reward] => 
            [price] => 12 620 ₴
            [total] => 12 620 ₴
            [href] => https://osushuvachi.webfun.com.ua/cooper-hunter-ch-d010wd2-24ld-new
        )

)

2023-09-20 13:35:39 - Для корзини Array
(
    [0] => Array
        (
            [cart_id] => 85
            [product_id] => 481
            [sku] => 
            [thumb] => https://osushuvachi.webfun.com.ua/image/cache/catalog/products/cooper-hunter-ch-d010wd2-24ld-new/CH-D010WD2-24LD-60x60.jpg
            [name] => Побутовий осушувач Cooper&amp;Hunter CH-D010WD2-24LD NEW
            [model] => CH-D010WD2-24LD NEW
            [option] => Array
                (
                )

            [recurring] => 
            [quantity] => 1
            [stock] => 1
            [reward] => 
            [price] => 12 620 ₴
            [total] => 12 620 ₴
            [href] => https://osushuvachi.webfun.com.ua/cooper-hunter-ch-d010wd2-24ld-new
        )

)

2023-09-20 13:36:20 - Для корзини Array
(
    [0] => Array
        (
            [cart_id] => 85
            [product_id] => 481
            [sku] => 
            [thumb] => https://osushuvachi.webfun.com.ua/image/cache/catalog/products/cooper-hunter-ch-d010wd2-24ld-new/CH-D010WD2-24LD-60x60.jpg
            [name] => Побутовий осушувач Cooper&amp;Hunter CH-D010WD2-24LD NEW
            [model] => CH-D010WD2-24LD NEW
            [option] => Array
                (
                )

            [recurring] => 
            [quantity] => 1
            [stock] => 1
            [reward] => 
            [price] => 12 620 ₴
            [total] => 12 620 ₴
            [href] => https://osushuvachi.webfun.com.ua/cooper-hunter-ch-d010wd2-24ld-new
        )

)

2023-09-20 13:38:03 - Для корзини Array
(
    [0] => Array
        (
            [cart_id] => 85
            [product_id] => 481
            [sku] => 
            [thumb] => https://osushuvachi.webfun.com.ua/image/cache/catalog/products/cooper-hunter-ch-d010wd2-24ld-new/CH-D010WD2-24LD-60x60.jpg
            [name] => Побутовий осушувач Cooper&amp;Hunter CH-D010WD2-24LD NEW
            [model] => CH-D010WD2-24LD NEW
            [option] => Array
                (
                )

            [recurring] => 
            [quantity] => 1
            [stock] => 1
            [reward] => 
            [price] => 12 620 ₴
            [total] => 12 620 ₴
            [href] => https://osushuvachi.webfun.com.ua/cooper-hunter-ch-d010wd2-24ld-new
        )

)

2023-09-20 13:38:43 - Для корзини Array
(
    [0] => Array
        (
            [cart_id] => 85
            [product_id] => 481
            [sku] => 
            [thumb] => https://osushuvachi.webfun.com.ua/image/cache/catalog/products/cooper-hunter-ch-d010wd2-24ld-new/CH-D010WD2-24LD-60x60.jpg
            [name] => Побутовий осушувач Cooper&amp;Hunter CH-D010WD2-24LD NEW
            [model] => CH-D010WD2-24LD NEW
            [option] => Array
                (
                )

            [recurring] => 
            [quantity] => 1
            [stock] => 1
            [reward] => 
            [price] => 12 620 ₴
            [total] => 12 620 ₴
            [href] => https://osushuvachi.webfun.com.ua/cooper-hunter-ch-d010wd2-24ld-new
        )

)

2023-09-20 13:39:22 - Для корзини Array
(
    [0] => Array
        (
            [cart_id] => 85
            [product_id] => 481
            [sku] => 
            [thumb] => https://osushuvachi.webfun.com.ua/image/cache/catalog/products/cooper-hunter-ch-d010wd2-24ld-new/CH-D010WD2-24LD-60x60.jpg
            [name] => Побутовий осушувач Cooper&amp;Hunter CH-D010WD2-24LD NEW
            [model] => CH-D010WD2-24LD NEW
            [option] => Array
                (
                )

            [recurring] => 
            [quantity] => 1
            [stock] => 1
            [reward] => 
            [price] => 12 620 ₴
            [total] => 12 620 ₴
            [href] => https://osushuvachi.webfun.com.ua/cooper-hunter-ch-d010wd2-24ld-new
        )

)

2023-09-20 13:40:21 - Для корзини Array
(
    [0] => Array
        (
            [cart_id] => 85
            [product_id] => 481
            [sku] => 
            [thumb] => https://osushuvachi.webfun.com.ua/image/cache/catalog/products/cooper-hunter-ch-d010wd2-24ld-new/CH-D010WD2-24LD-60x60.jpg
            [name] => Побутовий осушувач Cooper&amp;Hunter CH-D010WD2-24LD NEW
            [model] => CH-D010WD2-24LD NEW
            [option] => Array
                (
                )

            [recurring] => 
            [quantity] => 1
            [stock] => 1
            [reward] => 
            [price] => 12 620 ₴
            [total] => 12 620 ₴
            [href] => https://osushuvachi.webfun.com.ua/cooper-hunter-ch-d010wd2-24ld-new
        )

)

2023-09-20 13:40:34 - Для корзини Array
(
    [0] => Array
        (
            [cart_id] => 85
            [product_id] => 481
            [sku] => 
            [thumb] => https://osushuvachi.webfun.com.ua/image/cache/catalog/products/cooper-hunter-ch-d010wd2-24ld-new/CH-D010WD2-24LD-60x60.jpg
            [name] => Побутовий осушувач Cooper&amp;Hunter CH-D010WD2-24LD NEW
            [model] => CH-D010WD2-24LD NEW
            [option] => Array
                (
                )

            [recurring] => 
            [quantity] => 1
            [stock] => 1
            [reward] => 
            [price] => 12 620 ₴
            [total] => 12 620 ₴
            [href] => https://osushuvachi.webfun.com.ua/cooper-hunter-ch-d010wd2-24ld-new
        )

)

2023-09-20 13:41:20 - Для корзини Array
(
    [0] => Array
        (
            [cart_id] => 85
            [product_id] => 481
            [sku] => 
            [thumb] => https://osushuvachi.webfun.com.ua/image/cache/catalog/products/cooper-hunter-ch-d010wd2-24ld-new/CH-D010WD2-24LD-60x60.jpg
            [name] => Побутовий осушувач Cooper&amp;Hunter CH-D010WD2-24LD NEW
            [model] => CH-D010WD2-24LD NEW
            [option] => Array
                (
                )

            [recurring] => 
            [quantity] => 1
            [stock] => 1
            [reward] => 
            [price] => 12 620 ₴
            [total] => 12 620 ₴
            [href] => https://osushuvachi.webfun.com.ua/cooper-hunter-ch-d010wd2-24ld-new
        )

)

2023-09-20 13:41:22 - Для корзини Array
(
    [0] => Array
        (
            [cart_id] => 85
            [product_id] => 481
            [sku] => 
            [thumb] => https://osushuvachi.webfun.com.ua/image/cache/catalog/products/cooper-hunter-ch-d010wd2-24ld-new/CH-D010WD2-24LD-60x60.jpg
            [name] => Побутовий осушувач Cooper&amp;Hunter CH-D010WD2-24LD NEW
            [model] => CH-D010WD2-24LD NEW
            [option] => Array
                (
                )

            [recurring] => 
            [quantity] => 1
            [stock] => 1
            [reward] => 
            [price] => 12 620 ₴
            [total] => 12 620 ₴
            [href] => https://osushuvachi.webfun.com.ua/cooper-hunter-ch-d010wd2-24ld-new
        )

)

2023-09-20 13:42:24 - Для корзини Array
(
    [0] => Array
        (
            [cart_id] => 85
            [product_id] => 481
            [sku] => 
            [thumb] => https://osushuvachi.webfun.com.ua/image/cache/catalog/products/cooper-hunter-ch-d010wd2-24ld-new/CH-D010WD2-24LD-60x60.jpg
            [name] => Побутовий осушувач Cooper&amp;Hunter CH-D010WD2-24LD NEW
            [model] => CH-D010WD2-24LD NEW
            [option] => Array
                (
                )

            [recurring] => 
            [quantity] => 1
            [stock] => 1
            [reward] => 
            [price] => 12 620 ₴
            [total] => 12 620 ₴
            [href] => https://osushuvachi.webfun.com.ua/cooper-hunter-ch-d010wd2-24ld-new
        )

)

2023-09-20 13:47:39 - Для корзини Array
(
    [0] => Array
        (
            [cart_id] => 86
            [product_id] => 495
            [sku] => 
            [thumb] => https://osushuvachi.webfun.com.ua/image/cache/catalog/products/mycond-tibo-smart-12/myconf-tibo-smart-12-01-Ventbazar-60x60.jpg
            [name] => MYCOND Tibo Smart 12
            [model] => Mycond Tibo Smart 12
            [option] => Array
                (
                )

            [recurring] => 
            [quantity] => 1
            [stock] => 1
            [reward] => 
            [price] => 8 950 ₴
            [total] => 8 950 ₴
            [href] => https://osushuvachi.webfun.com.ua/mycond-tibo-smart-12
        )

)

